{"/Users/kirkstrobeck/sync/homedir/git/automated/automated/example/src/components/button/index.tsx": {"path":"/Users/kirkstrobeck/sync/homedir/git/automated/automated/example/src/components/button/index.tsx","statementMap":{"0":{"start":{"line":13,"column":13},"end":{"line":32,"column":1}},"1":{"start":{"line":14,"column":42},"end":{"line":14,"column":57}},"2":{"start":{"line":16,"column":2},"end":{"line":31,"column":4}}},"fnMap":{"0":{"name":"(anonymous_0)","decl":{"start":{"line":13,"column":13},"end":{"line":13,"column":14}},"loc":{"start":{"line":13,"column":55},"end":{"line":32,"column":1}},"line":13}},"branchMap":{"0":{"loc":{"start":{"line":23,"column":20},"end":{"line":23,"column":40}},"type":"binary-expr","locations":[{"start":{"line":23,"column":20},"end":{"line":23,"column":30}},{"start":{"line":23,"column":34},"end":{"line":23,"column":40}}],"line":23},"1":{"loc":{"start":{"line":29,"column":7},"end":{"line":29,"column":28}},"type":"binary-expr","locations":[{"start":{"line":29,"column":7},"end":{"line":29,"column":11}},{"start":{"line":29,"column":15},"end":{"line":29,"column":28}}],"line":29}},"s":{"0":1,"1":3,"2":3},"f":{"0":3},"b":{"0":[3,2],"1":[3,2]},"_coverageSchema":"1a1c01bbd47fc00a2c39e90264f33305004495a9","hash":"9cdd3eee83a29869715b1465b31e860e612a6bab"}
,"/Users/kirkstrobeck/sync/homedir/git/automated/automated/example/src/components/warning/index.tsx": {"path":"/Users/kirkstrobeck/sync/homedir/git/automated/automated/example/src/components/warning/index.tsx","statementMap":{"0":{"start":{"line":1,"column":13},"end":{"line":14,"column":1}},"1":{"start":{"line":2,"column":2},"end":{"line":13,"column":8}}},"fnMap":{"0":{"name":"(anonymous_0)","decl":{"start":{"line":1,"column":13},"end":{"line":1,"column":14}},"loc":{"start":{"line":2,"column":2},"end":{"line":13,"column":8}},"line":2}},"branchMap":{},"s":{"0":1,"1":1},"f":{"0":1},"b":{},"_coverageSchema":"1a1c01bbd47fc00a2c39e90264f33305004495a9","hash":"7696b5983091dc9589f99b25171b0aea824948ac"}
}
